{"/Users/oliverlister/Documents/Code/swipejobs-frontend-developer-technical-test/src/App.tsx": {"path":"/Users/oliverlister/Documents/Code/swipejobs-frontend-developer-technical-test/src/App.tsx","all":true,"statementMap":{"0":{"start":{"line":1,"column":0},"end":{"line":1,"column":38}},"2":{"start":{"line":3,"column":0},"end":{"line":3,"column":16}},"3":{"start":{"line":4,"column":0},"end":{"line":4,"column":20}},"4":{"start":{"line":5,"column":0},"end":{"line":5,"column":1}},"6":{"start":{"line":7,"column":0},"end":{"line":7,"column":19}}},"s":{"0":0,"2":0,"3":0,"4":0,"6":0},"branchMap":{"0":{"type":"branch","line":1,"loc":{"start":{"line":1,"column":0},"end":{"line":7,"column":-58}},"locations":[{"start":{"line":1,"column":0},"end":{"line":7,"column":-58}}]}},"b":{"0":[0]},"fnMap":{"0":{"name":"(empty-report)","decl":{"start":{"line":1,"column":0},"end":{"line":7,"column":-58}},"loc":{"start":{"line":1,"column":0},"end":{"line":7,"column":-58}},"line":1}},"f":{"0":0}}
,"/Users/oliverlister/Documents/Code/swipejobs-frontend-developer-technical-test/src/main.tsx": {"path":"/Users/oliverlister/Documents/Code/swipejobs-frontend-developer-technical-test/src/main.tsx","all":true,"statementMap":{"0":{"start":{"line":1,"column":0},"end":{"line":1,"column":35}},"1":{"start":{"line":2,"column":0},"end":{"line":2,"column":46}},"2":{"start":{"line":3,"column":0},"end":{"line":3,"column":28}},"3":{"start":{"line":4,"column":0},"end":{"line":4,"column":28}},"4":{"start":{"line":5,"column":0},"end":{"line":5,"column":60}},"5":{"start":{"line":6,"column":0},"end":{"line":6,"column":49}},"6":{"start":{"line":7,"column":0},"end":{"line":7,"column":42}},"7":{"start":{"line":8,"column":0},"end":{"line":8,"column":36}},"9":{"start":{"line":10,"column":0},"end":{"line":10,"column":52}},"10":{"start":{"line":11,"column":0},"end":{"line":11,"column":14}},"11":{"start":{"line":12,"column":0},"end":{"line":12,"column":19}},"12":{"start":{"line":13,"column":0},"end":{"line":13,"column":14}},"13":{"start":{"line":14,"column":0},"end":{"line":14,"column":33}},"14":{"start":{"line":15,"column":0},"end":{"line":15,"column":51}},"15":{"start":{"line":16,"column":0},"end":{"line":16,"column":46}},"16":{"start":{"line":17,"column":0},"end":{"line":17,"column":59}},"17":{"start":{"line":18,"column":0},"end":{"line":18,"column":18}},"18":{"start":{"line":19,"column":0},"end":{"line":19,"column":16}},"19":{"start":{"line":20,"column":0},"end":{"line":20,"column":15}},"20":{"start":{"line":21,"column":0},"end":{"line":21,"column":20}},"21":{"start":{"line":22,"column":0},"end":{"line":22,"column":15}},"22":{"start":{"line":23,"column":0},"end":{"line":23,"column":2}}},"s":{"0":0,"1":0,"2":0,"3":0,"4":0,"5":0,"6":0,"7":0,"9":0,"10":0,"11":0,"12":0,"13":0,"14":0,"15":0,"16":0,"17":0,"18":0,"19":0,"20":0,"21":0,"22":0},"branchMap":{"0":{"type":"branch","line":1,"loc":{"start":{"line":1,"column":720},"end":{"line":23,"column":2}},"locations":[{"start":{"line":1,"column":720},"end":{"line":23,"column":2}}]}},"b":{"0":[0]},"fnMap":{"0":{"name":"(empty-report)","decl":{"start":{"line":1,"column":720},"end":{"line":23,"column":2}},"loc":{"start":{"line":1,"column":720},"end":{"line":23,"column":2}},"line":1}},"f":{"0":0}}
,"/Users/oliverlister/Documents/Code/swipejobs-frontend-developer-technical-test/src/components/Button.tsx": {"path":"/Users/oliverlister/Documents/Code/swipejobs-frontend-developer-technical-test/src/components/Button.tsx","all":false,"statementMap":{"0":{"start":{"line":1,"column":0},"end":{"line":1,"column":62}},"7":{"start":{"line":8,"column":0},"end":{"line":8,"column":40}},"8":{"start":{"line":9,"column":0},"end":{"line":9,"column":21}},"9":{"start":{"line":10,"column":0},"end":{"line":10,"column":11}},"10":{"start":{"line":11,"column":0},"end":{"line":11,"column":10}},"11":{"start":{"line":12,"column":0},"end":{"line":12,"column":7}},"12":{"start":{"line":13,"column":0},"end":{"line":13,"column":10}},"13":{"start":{"line":14,"column":0},"end":{"line":14,"column":73}},"14":{"start":{"line":15,"column":0},"end":{"line":15,"column":16}},"15":{"start":{"line":16,"column":0},"end":{"line":16,"column":13}},"17":{"start":{"line":18,"column":0},"end":{"line":18,"column":2}},"19":{"start":{"line":20,"column":0},"end":{"line":20,"column":22}}},"s":{"0":1,"7":1,"8":26,"9":26,"10":26,"11":26,"12":26,"13":26,"14":26,"15":26,"17":26,"19":1},"branchMap":{"0":{"type":"branch","line":8,"loc":{"start":{"line":8,"column":38},"end":{"line":18,"column":2}},"locations":[{"start":{"line":8,"column":38},"end":{"line":18,"column":2}}]}},"b":{"0":[26]},"fnMap":{"0":{"name":"Button","decl":{"start":{"line":8,"column":38},"end":{"line":18,"column":2}},"loc":{"start":{"line":8,"column":38},"end":{"line":18,"column":2}},"line":8}},"f":{"0":26}}
,"/Users/oliverlister/Documents/Code/swipejobs-frontend-developer-technical-test/src/components/Card.tsx": {"path":"/Users/oliverlister/Documents/Code/swipejobs-frontend-developer-technical-test/src/components/Card.tsx","all":false,"statementMap":{"0":{"start":{"line":1,"column":0},"end":{"line":1,"column":26}},"1":{"start":{"line":2,"column":0},"end":{"line":2,"column":60}},"2":{"start":{"line":3,"column":0},"end":{"line":3,"column":39}},"18":{"start":{"line":19,"column":0},"end":{"line":19,"column":73}},"19":{"start":{"line":20,"column":0},"end":{"line":20,"column":10}},"20":{"start":{"line":21,"column":0},"end":{"line":21,"column":62}},"21":{"start":{"line":22,"column":0},"end":{"line":22,"column":16}},"22":{"start":{"line":23,"column":0},"end":{"line":23,"column":10}},"24":{"start":{"line":25,"column":0},"end":{"line":25,"column":2}},"32":{"start":{"line":33,"column":0},"end":{"line":33,"column":79}},"33":{"start":{"line":34,"column":0},"end":{"line":34,"column":10}},"34":{"start":{"line":35,"column":0},"end":{"line":35,"column":52}},"35":{"start":{"line":36,"column":0},"end":{"line":36,"column":33}},"36":{"start":{"line":37,"column":0},"end":{"line":37,"column":10}},"38":{"start":{"line":39,"column":0},"end":{"line":39,"column":2}},"46":{"start":{"line":47,"column":0},"end":{"line":47,"column":48}},"47":{"start":{"line":48,"column":0},"end":{"line":48,"column":15}},"48":{"start":{"line":49,"column":0},"end":{"line":49,"column":14}},"49":{"start":{"line":50,"column":0},"end":{"line":50,"column":17}},"50":{"start":{"line":51,"column":0},"end":{"line":51,"column":7}},"51":{"start":{"line":52,"column":0},"end":{"line":52,"column":10}},"52":{"start":{"line":53,"column":0},"end":{"line":53,"column":53}},"53":{"start":{"line":54,"column":0},"end":{"line":54,"column":60}},"54":{"start":{"line":55,"column":0},"end":{"line":55,"column":61}},"55":{"start":{"line":56,"column":0},"end":{"line":56,"column":10}},"57":{"start":{"line":58,"column":0},"end":{"line":58,"column":2}},"64":{"start":{"line":65,"column":0},"end":{"line":65,"column":77}},"65":{"start":{"line":66,"column":0},"end":{"line":66,"column":73}},"66":{"start":{"line":67,"column":0},"end":{"line":67,"column":2}},"73":{"start":{"line":74,"column":0},"end":{"line":74,"column":79}},"74":{"start":{"line":75,"column":0},"end":{"line":75,"column":74}},"75":{"start":{"line":76,"column":0},"end":{"line":76,"column":2}},"83":{"start":{"line":84,"column":0},"end":{"line":84,"column":50}},"84":{"start":{"line":85,"column":0},"end":{"line":85,"column":11}},"85":{"start":{"line":86,"column":0},"end":{"line":86,"column":17}},"86":{"start":{"line":87,"column":0},"end":{"line":87,"column":7}},"87":{"start":{"line":88,"column":0},"end":{"line":88,"column":7}},"88":{"start":{"line":89,"column":0},"end":{"line":89,"column":11}},"89":{"start":{"line":90,"column":0},"end":{"line":90,"column":12}},"90":{"start":{"line":91,"column":0},"end":{"line":91,"column":14}},"91":{"start":{"line":92,"column":0},"end":{"line":92,"column":17}},"92":{"start":{"line":93,"column":0},"end":{"line":93,"column":67}},"94":{"start":{"line":95,"column":0},"end":{"line":95,"column":18}},"95":{"start":{"line":96,"column":0},"end":{"line":96,"column":16}},"97":{"start":{"line":98,"column":0},"end":{"line":98,"column":76}},"98":{"start":{"line":99,"column":0},"end":{"line":99,"column":2}},"105":{"start":{"line":106,"column":0},"end":{"line":106,"column":48}},"106":{"start":{"line":107,"column":0},"end":{"line":107,"column":11}},"107":{"start":{"line":108,"column":0},"end":{"line":108,"column":17}},"108":{"start":{"line":109,"column":0},"end":{"line":109,"column":7}},"109":{"start":{"line":110,"column":0},"end":{"line":110,"column":75}},"110":{"start":{"line":111,"column":0},"end":{"line":111,"column":2}},"112":{"start":{"line":113,"column":0},"end":{"line":113,"column":23}},"113":{"start":{"line":114,"column":0},"end":{"line":114,"column":25}},"114":{"start":{"line":115,"column":0},"end":{"line":115,"column":21}},"115":{"start":{"line":116,"column":0},"end":{"line":116,"column":23}},"116":{"start":{"line":117,"column":0},"end":{"line":117,"column":27}},"117":{"start":{"line":118,"column":0},"end":{"line":118,"column":25}},"119":{"start":{"line":120,"column":0},"end":{"line":120,"column":20}}},"s":{"0":1,"1":1,"2":1,"18":1,"19":13,"20":13,"21":13,"22":13,"24":13,"32":1,"33":13,"34":13,"35":13,"36":13,"38":13,"46":1,"47":13,"48":13,"49":13,"50":13,"51":13,"52":13,"53":13,"54":13,"55":13,"57":13,"64":1,"65":13,"66":13,"73":1,"74":26,"75":26,"83":1,"84":54,"85":54,"86":54,"87":54,"88":54,"89":54,"90":13,"91":13,"92":13,"94":13,"95":13,"97":41,"98":41,"105":1,"106":13,"107":13,"108":13,"109":13,"110":13,"112":1,"113":1,"114":1,"115":1,"116":1,"117":1,"119":1},"branchMap":{"0":{"type":"branch","line":19,"loc":{"start":{"line":19,"column":28},"end":{"line":25,"column":2}},"locations":[{"start":{"line":19,"column":28},"end":{"line":25,"column":2}}]},"1":{"type":"branch","line":33,"loc":{"start":{"line":33,"column":44},"end":{"line":39,"column":2}},"locations":[{"start":{"line":33,"column":44},"end":{"line":39,"column":2}}]},"2":{"type":"branch","line":47,"loc":{"start":{"line":47,"column":46},"end":{"line":58,"column":2}},"locations":[{"start":{"line":47,"column":46},"end":{"line":58,"column":2}}]},"3":{"type":"branch","line":65,"loc":{"start":{"line":65,"column":42},"end":{"line":67,"column":2}},"locations":[{"start":{"line":65,"column":42},"end":{"line":67,"column":2}}]},"4":{"type":"branch","line":74,"loc":{"start":{"line":74,"column":44},"end":{"line":76,"column":2}},"locations":[{"start":{"line":74,"column":44},"end":{"line":76,"column":2}}]},"5":{"type":"branch","line":84,"loc":{"start":{"line":84,"column":48},"end":{"line":99,"column":2}},"locations":[{"start":{"line":84,"column":48},"end":{"line":99,"column":2}}]},"6":{"type":"branch","line":90,"loc":{"start":{"line":90,"column":4},"end":{"line":96,"column":16}},"locations":[{"start":{"line":90,"column":4},"end":{"line":96,"column":16}}]},"7":{"type":"branch","line":96,"loc":{"start":{"line":96,"column":6},"end":{"line":99,"column":2}},"locations":[{"start":{"line":96,"column":6},"end":{"line":99,"column":2}}]},"8":{"type":"branch","line":106,"loc":{"start":{"line":106,"column":46},"end":{"line":111,"column":2}},"locations":[{"start":{"line":106,"column":46},"end":{"line":111,"column":2}}]}},"b":{"0":[13],"1":[13],"2":[13],"3":[13],"4":[26],"5":[54],"6":[13],"7":[41],"8":[13]},"fnMap":{"0":{"name":"Card","decl":{"start":{"line":19,"column":28},"end":{"line":25,"column":2}},"loc":{"start":{"line":19,"column":28},"end":{"line":25,"column":2}},"line":19},"1":{"name":"CardImage","decl":{"start":{"line":33,"column":44},"end":{"line":39,"column":2}},"loc":{"start":{"line":33,"column":44},"end":{"line":39,"column":2}},"line":33},"2":{"name":"CardHeader","decl":{"start":{"line":47,"column":46},"end":{"line":58,"column":2}},"loc":{"start":{"line":47,"column":46},"end":{"line":58,"column":2}},"line":47},"3":{"name":"CardBody","decl":{"start":{"line":65,"column":42},"end":{"line":67,"column":2}},"loc":{"start":{"line":65,"column":42},"end":{"line":67,"column":2}},"line":65},"4":{"name":"CardGroup","decl":{"start":{"line":74,"column":44},"end":{"line":76,"column":2}},"loc":{"start":{"line":74,"column":44},"end":{"line":76,"column":2}},"line":74},"5":{"name":"CardSection","decl":{"start":{"line":84,"column":48},"end":{"line":99,"column":2}},"loc":{"start":{"line":84,"column":48},"end":{"line":99,"column":2}},"line":84},"6":{"name":"CardFooter","decl":{"start":{"line":106,"column":46},"end":{"line":111,"column":2}},"loc":{"start":{"line":106,"column":46},"end":{"line":111,"column":2}},"line":106}},"f":{"0":13,"1":13,"2":13,"3":13,"4":26,"5":54,"6":13}}
,"/Users/oliverlister/Documents/Code/swipejobs-frontend-developer-technical-test/src/components/JobMatches.tsx": {"path":"/Users/oliverlister/Documents/Code/swipejobs-frontend-developer-technical-test/src/components/JobMatches.tsx","all":false,"statementMap":{"0":{"start":{"line":1,"column":0},"end":{"line":1,"column":66}},"1":{"start":{"line":2,"column":0},"end":{"line":2,"column":34}},"2":{"start":{"line":3,"column":0},"end":{"line":3,"column":55}},"3":{"start":{"line":4,"column":0},"end":{"line":4,"column":43}},"5":{"start":{"line":6,"column":0},"end":{"line":6,"column":26}},"6":{"start":{"line":7,"column":0},"end":{"line":7,"column":50}},"7":{"start":{"line":8,"column":0},"end":{"line":8,"column":34}},"8":{"start":{"line":9,"column":0},"end":{"line":9,"column":4}},"10":{"start":{"line":11,"column":0},"end":{"line":11,"column":10}},"11":{"start":{"line":12,"column":0},"end":{"line":12,"column":40}},"12":{"start":{"line":13,"column":0},"end":{"line":13,"column":14}},"13":{"start":{"line":14,"column":0},"end":{"line":14,"column":79}},"14":{"start":{"line":15,"column":0},"end":{"line":15,"column":20}},"15":{"start":{"line":16,"column":0},"end":{"line":16,"column":34}},"16":{"start":{"line":17,"column":0},"end":{"line":17,"column":25}},"17":{"start":{"line":18,"column":0},"end":{"line":18,"column":31}},"18":{"start":{"line":19,"column":0},"end":{"line":19,"column":27}},"19":{"start":{"line":20,"column":0},"end":{"line":20,"column":41}},"20":{"start":{"line":21,"column":0},"end":{"line":21,"column":47}},"21":{"start":{"line":22,"column":0},"end":{"line":22,"column":14}},"22":{"start":{"line":23,"column":0},"end":{"line":23,"column":13}},"23":{"start":{"line":24,"column":0},"end":{"line":24,"column":14}},"25":{"start":{"line":26,"column":0},"end":{"line":26,"column":2}},"27":{"start":{"line":28,"column":0},"end":{"line":28,"column":26}}},"s":{"0":1,"1":1,"2":1,"3":1,"5":1,"6":3,"7":3,"8":3,"10":3,"11":3,"12":3,"13":1,"14":2,"15":2,"16":2,"17":2,"18":2,"19":2,"20":2,"21":2,"22":2,"23":3,"25":3,"27":1},"branchMap":{"0":{"type":"branch","line":6,"loc":{"start":{"line":6,"column":19},"end":{"line":26,"column":2}},"locations":[{"start":{"line":6,"column":19},"end":{"line":26,"column":2}}]},"1":{"type":"branch","line":13,"loc":{"start":{"line":13,"column":7},"end":{"line":14,"column":79}},"locations":[{"start":{"line":13,"column":7},"end":{"line":14,"column":79}}]},"2":{"type":"branch","line":14,"loc":{"start":{"line":14,"column":78},"end":{"line":23,"column":13}},"locations":[{"start":{"line":14,"column":78},"end":{"line":23,"column":13}}]},"3":{"type":"branch","line":14,"loc":{"start":{"line":14,"column":40},"end":{"line":14,"column":78}},"locations":[{"start":{"line":14,"column":40},"end":{"line":14,"column":78}}]},"4":{"type":"branch","line":16,"loc":{"start":{"line":16,"column":22},"end":{"line":22,"column":14}},"locations":[{"start":{"line":16,"column":22},"end":{"line":22,"column":14}}]}},"b":{"0":[3],"1":[1],"2":[2],"3":[6],"4":[2]},"fnMap":{"0":{"name":"JobMatches","decl":{"start":{"line":6,"column":19},"end":{"line":26,"column":2}},"loc":{"start":{"line":6,"column":19},"end":{"line":26,"column":2}},"line":6}},"f":{"0":3}}
,"/Users/oliverlister/Documents/Code/swipejobs-frontend-developer-technical-test/src/components/Loader.tsx": {"path":"/Users/oliverlister/Documents/Code/swipejobs-frontend-developer-technical-test/src/components/Loader.tsx","all":false,"statementMap":{"0":{"start":{"line":1,"column":0},"end":{"line":1,"column":62}},"6":{"start":{"line":7,"column":0},"end":{"line":7,"column":58}},"7":{"start":{"line":8,"column":0},"end":{"line":8,"column":10}},"8":{"start":{"line":9,"column":0},"end":{"line":9,"column":9}},"9":{"start":{"line":10,"column":0},"end":{"line":10,"column":31}},"10":{"start":{"line":11,"column":0},"end":{"line":11,"column":26}},"11":{"start":{"line":12,"column":0},"end":{"line":12,"column":43}},"12":{"start":{"line":13,"column":0},"end":{"line":13,"column":6}},"14":{"start":{"line":15,"column":0},"end":{"line":15,"column":2}},"16":{"start":{"line":17,"column":0},"end":{"line":17,"column":22}}},"s":{"0":1,"6":1,"7":3,"8":3,"9":3,"10":3,"11":3,"12":3,"14":3,"16":1},"branchMap":{"0":{"type":"branch","line":7,"loc":{"start":{"line":7,"column":38},"end":{"line":15,"column":2}},"locations":[{"start":{"line":7,"column":38},"end":{"line":15,"column":2}}]}},"b":{"0":[3]},"fnMap":{"0":{"name":"Loader","decl":{"start":{"line":7,"column":38},"end":{"line":15,"column":2}},"loc":{"start":{"line":7,"column":38},"end":{"line":15,"column":2}},"line":7}},"f":{"0":3}}
,"/Users/oliverlister/Documents/Code/swipejobs-frontend-developer-technical-test/src/components/Skeleton.tsx": {"path":"/Users/oliverlister/Documents/Code/swipejobs-frontend-developer-technical-test/src/components/Skeleton.tsx","all":false,"statementMap":{"0":{"start":{"line":1,"column":0},"end":{"line":1,"column":64}},"2":{"start":{"line":3,"column":0},"end":{"line":3,"column":24}},"3":{"start":{"line":4,"column":0},"end":{"line":4,"column":10}},"4":{"start":{"line":5,"column":0},"end":{"line":5,"column":9}},"5":{"start":{"line":6,"column":0},"end":{"line":6,"column":33}},"6":{"start":{"line":7,"column":0},"end":{"line":7,"column":27}},"7":{"start":{"line":8,"column":0},"end":{"line":8,"column":28}},"8":{"start":{"line":9,"column":0},"end":{"line":9,"column":6}},"10":{"start":{"line":11,"column":0},"end":{"line":11,"column":2}},"12":{"start":{"line":13,"column":0},"end":{"line":13,"column":24}}},"s":{"0":1,"2":1,"3":6,"4":6,"5":6,"6":6,"7":6,"8":6,"10":6,"12":1},"branchMap":{"0":{"type":"branch","line":3,"loc":{"start":{"line":3,"column":17},"end":{"line":11,"column":2}},"locations":[{"start":{"line":3,"column":17},"end":{"line":11,"column":2}}]}},"b":{"0":[6]},"fnMap":{"0":{"name":"Skeleton","decl":{"start":{"line":3,"column":17},"end":{"line":11,"column":2}},"loc":{"start":{"line":3,"column":17},"end":{"line":11,"column":2}},"line":3}},"f":{"0":6}}
,"/Users/oliverlister/Documents/Code/swipejobs-frontend-developer-technical-test/src/components/header/Header.tsx": {"path":"/Users/oliverlister/Documents/Code/swipejobs-frontend-developer-technical-test/src/components/header/Header.tsx","all":false,"statementMap":{"0":{"start":{"line":1,"column":0},"end":{"line":1,"column":26}},"1":{"start":{"line":2,"column":0},"end":{"line":2,"column":68}},"2":{"start":{"line":3,"column":0},"end":{"line":3,"column":38}},"3":{"start":{"line":4,"column":0},"end":{"line":4,"column":46}},"4":{"start":{"line":5,"column":0},"end":{"line":5,"column":64}},"5":{"start":{"line":6,"column":0},"end":{"line":6,"column":31}},"7":{"start":{"line":8,"column":0},"end":{"line":8,"column":22}},"8":{"start":{"line":9,"column":0},"end":{"line":9,"column":80}},"10":{"start":{"line":11,"column":0},"end":{"line":11,"column":10}},"11":{"start":{"line":12,"column":0},"end":{"line":12,"column":38}},"12":{"start":{"line":13,"column":0},"end":{"line":13,"column":44}},"13":{"start":{"line":14,"column":0},"end":{"line":14,"column":16}},"14":{"start":{"line":15,"column":0},"end":{"line":15,"column":18}},"15":{"start":{"line":16,"column":0},"end":{"line":16,"column":80}},"16":{"start":{"line":17,"column":0},"end":{"line":17,"column":23}},"17":{"start":{"line":18,"column":0},"end":{"line":18,"column":20}},"19":{"start":{"line":20,"column":0},"end":{"line":20,"column":21}},"20":{"start":{"line":21,"column":0},"end":{"line":21,"column":72}},"21":{"start":{"line":22,"column":0},"end":{"line":22,"column":12}},"23":{"start":{"line":24,"column":0},"end":{"line":24,"column":12}},"24":{"start":{"line":25,"column":0},"end":{"line":25,"column":13}},"26":{"start":{"line":27,"column":0},"end":{"line":27,"column":2}},"28":{"start":{"line":29,"column":0},"end":{"line":29,"column":22}}},"s":{"0":1,"1":1,"2":1,"3":1,"4":1,"5":1,"7":1,"8":3,"10":3,"11":3,"12":3,"13":3,"14":3,"15":1,"16":2,"17":1,"19":1,"20":1,"21":1,"23":3,"24":3,"26":3,"28":1},"branchMap":{"0":{"type":"branch","line":8,"loc":{"start":{"line":8,"column":15},"end":{"line":27,"column":2}},"locations":[{"start":{"line":8,"column":15},"end":{"line":27,"column":2}}]},"1":{"type":"branch","line":15,"loc":{"start":{"line":15,"column":9},"end":{"line":16,"column":80}},"locations":[{"start":{"line":15,"column":9},"end":{"line":16,"column":80}}]},"2":{"type":"branch","line":16,"loc":{"start":{"line":16,"column":76},"end":{"line":22,"column":12}},"locations":[{"start":{"line":16,"column":76},"end":{"line":22,"column":12}}]},"3":{"type":"branch","line":17,"loc":{"start":{"line":17,"column":12},"end":{"line":18,"column":20}},"locations":[{"start":{"line":17,"column":12},"end":{"line":18,"column":20}}]},"4":{"type":"branch","line":18,"loc":{"start":{"line":18,"column":18},"end":{"line":22,"column":12}},"locations":[{"start":{"line":18,"column":18},"end":{"line":22,"column":12}}]}},"b":{"0":[3],"1":[1],"2":[2],"3":[1],"4":[1]},"fnMap":{"0":{"name":"Header","decl":{"start":{"line":8,"column":15},"end":{"line":27,"column":2}},"loc":{"start":{"line":8,"column":15},"end":{"line":27,"column":2}},"line":8}},"f":{"0":3}}
,"/Users/oliverlister/Documents/Code/swipejobs-frontend-developer-technical-test/src/components/header/Logo.tsx": {"path":"/Users/oliverlister/Documents/Code/swipejobs-frontend-developer-technical-test/src/components/header/Logo.tsx","all":false,"statementMap":{"0":{"start":{"line":1,"column":0},"end":{"line":1,"column":39}},"1":{"start":{"line":2,"column":0},"end":{"line":2,"column":81}},"2":{"start":{"line":3,"column":0},"end":{"line":3,"column":66}},"4":{"start":{"line":5,"column":0},"end":{"line":5,"column":20}},"5":{"start":{"line":6,"column":0},"end":{"line":6,"column":10}},"6":{"start":{"line":7,"column":0},"end":{"line":7,"column":44}},"7":{"start":{"line":8,"column":0},"end":{"line":8,"column":62}},"8":{"start":{"line":9,"column":0},"end":{"line":9,"column":14}},"10":{"start":{"line":11,"column":0},"end":{"line":11,"column":2}},"12":{"start":{"line":13,"column":0},"end":{"line":13,"column":20}}},"s":{"0":1,"1":1,"2":1,"4":1,"5":3,"6":3,"7":3,"8":3,"10":3,"12":1},"branchMap":{"0":{"type":"branch","line":5,"loc":{"start":{"line":5,"column":13},"end":{"line":11,"column":2}},"locations":[{"start":{"line":5,"column":13},"end":{"line":11,"column":2}}]}},"b":{"0":[3]},"fnMap":{"0":{"name":"Logo","decl":{"start":{"line":5,"column":13},"end":{"line":11,"column":2}},"loc":{"start":{"line":5,"column":13},"end":{"line":11,"column":2}},"line":5}},"f":{"0":3}}
,"/Users/oliverlister/Documents/Code/swipejobs-frontend-developer-technical-test/src/components/header/WorkerName.tsx": {"path":"/Users/oliverlister/Documents/Code/swipejobs-frontend-developer-technical-test/src/components/header/WorkerName.tsx","all":false,"statementMap":{"0":{"start":{"line":1,"column":0},"end":{"line":1,"column":72}},"6":{"start":{"line":7,"column":0},"end":{"line":7,"column":61}},"7":{"start":{"line":8,"column":0},"end":{"line":8,"column":10}},"8":{"start":{"line":9,"column":0},"end":{"line":9,"column":9}},"9":{"start":{"line":10,"column":0},"end":{"line":10,"column":49}},"10":{"start":{"line":11,"column":0},"end":{"line":11,"column":10}},"12":{"start":{"line":13,"column":0},"end":{"line":13,"column":2}},"14":{"start":{"line":15,"column":0},"end":{"line":15,"column":26}}},"s":{"0":1,"6":1,"7":1,"8":1,"9":1,"10":1,"12":1,"14":1},"branchMap":{"0":{"type":"branch","line":7,"loc":{"start":{"line":7,"column":46},"end":{"line":13,"column":2}},"locations":[{"start":{"line":7,"column":46},"end":{"line":13,"column":2}}]}},"b":{"0":[1]},"fnMap":{"0":{"name":"WorkerName","decl":{"start":{"line":7,"column":46},"end":{"line":13,"column":2}},"loc":{"start":{"line":7,"column":46},"end":{"line":13,"column":2}},"line":7}},"f":{"0":1}}
,"/Users/oliverlister/Documents/Code/swipejobs-frontend-developer-technical-test/src/components/jobMatchCard/Footer.tsx": {"path":"/Users/oliverlister/Documents/Code/swipejobs-frontend-developer-technical-test/src/components/jobMatchCard/Footer.tsx","all":true,"statementMap":{"0":{"start":{"line":1,"column":0},"end":{"line":1,"column":22}},"1":{"start":{"line":2,"column":0},"end":{"line":2,"column":27}},"2":{"start":{"line":3,"column":0},"end":{"line":3,"column":2}},"4":{"start":{"line":5,"column":0},"end":{"line":5,"column":22}}},"s":{"0":0,"1":0,"2":0,"4":0},"branchMap":{"0":{"type":"branch","line":1,"loc":{"start":{"line":1,"column":0},"end":{"line":5,"column":-49}},"locations":[{"start":{"line":1,"column":0},"end":{"line":5,"column":-49}}]}},"b":{"0":[0]},"fnMap":{"0":{"name":"(empty-report)","decl":{"start":{"line":1,"column":0},"end":{"line":5,"column":-49}},"loc":{"start":{"line":1,"column":0},"end":{"line":5,"column":-49}},"line":1}},"f":{"0":0}}
,"/Users/oliverlister/Documents/Code/swipejobs-frontend-developer-technical-test/src/components/jobMatchCard/HeroSection.tsx": {"path":"/Users/oliverlister/Documents/Code/swipejobs-frontend-developer-technical-test/src/components/jobMatchCard/HeroSection.tsx","all":false,"statementMap":{"0":{"start":{"line":1,"column":0},"end":{"line":1,"column":27}},"1":{"start":{"line":2,"column":0},"end":{"line":2,"column":71}},"8":{"start":{"line":9,"column":0},"end":{"line":9,"column":50}},"9":{"start":{"line":10,"column":0},"end":{"line":10,"column":7}},"10":{"start":{"line":11,"column":0},"end":{"line":11,"column":20}},"11":{"start":{"line":12,"column":0},"end":{"line":12,"column":7}},"12":{"start":{"line":13,"column":0},"end":{"line":13,"column":10}},"13":{"start":{"line":14,"column":0},"end":{"line":14,"column":49}},"14":{"start":{"line":15,"column":0},"end":{"line":15,"column":41}},"15":{"start":{"line":16,"column":0},"end":{"line":16,"column":54}},"16":{"start":{"line":17,"column":0},"end":{"line":17,"column":72}},"17":{"start":{"line":18,"column":0},"end":{"line":18,"column":12}},"18":{"start":{"line":19,"column":0},"end":{"line":19,"column":42}},"19":{"start":{"line":20,"column":0},"end":{"line":20,"column":57}},"20":{"start":{"line":21,"column":0},"end":{"line":21,"column":43}},"21":{"start":{"line":22,"column":0},"end":{"line":22,"column":54}},"22":{"start":{"line":23,"column":0},"end":{"line":23,"column":16}},"23":{"start":{"line":24,"column":0},"end":{"line":24,"column":12}},"24":{"start":{"line":25,"column":0},"end":{"line":25,"column":12}},"25":{"start":{"line":26,"column":0},"end":{"line":26,"column":19}},"27":{"start":{"line":28,"column":0},"end":{"line":28,"column":2}},"29":{"start":{"line":30,"column":0},"end":{"line":30,"column":27}}},"s":{"0":1,"1":1,"8":1,"9":13,"10":13,"11":13,"12":13,"13":13,"14":13,"15":13,"16":13,"17":13,"18":13,"19":13,"20":13,"21":13,"22":13,"23":13,"24":13,"25":13,"27":13,"29":1},"branchMap":{"0":{"type":"branch","line":9,"loc":{"start":{"line":9,"column":48},"end":{"line":28,"column":2}},"locations":[{"start":{"line":9,"column":48},"end":{"line":28,"column":2}}]}},"b":{"0":[13]},"fnMap":{"0":{"name":"HeroSection","decl":{"start":{"line":9,"column":48},"end":{"line":28,"column":2}},"loc":{"start":{"line":9,"column":48},"end":{"line":28,"column":2}},"line":9}},"f":{"0":13}}
,"/Users/oliverlister/Documents/Code/swipejobs-frontend-developer-technical-test/src/components/jobMatchCard/InfoSection.tsx": {"path":"/Users/oliverlister/Documents/Code/swipejobs-frontend-developer-technical-test/src/components/jobMatchCard/InfoSection.tsx","all":false,"statementMap":{"0":{"start":{"line":1,"column":0},"end":{"line":1,"column":27}},"1":{"start":{"line":2,"column":0},"end":{"line":2,"column":71}},"2":{"start":{"line":3,"column":0},"end":{"line":3,"column":48}},"11":{"start":{"line":12,"column":0},"end":{"line":12,"column":54}},"12":{"start":{"line":13,"column":0},"end":{"line":13,"column":11}},"13":{"start":{"line":14,"column":0},"end":{"line":14,"column":7}},"14":{"start":{"line":15,"column":0},"end":{"line":15,"column":7}},"15":{"start":{"line":16,"column":0},"end":{"line":16,"column":8}},"16":{"start":{"line":17,"column":0},"end":{"line":17,"column":7}},"17":{"start":{"line":18,"column":0},"end":{"line":18,"column":10}},"18":{"start":{"line":19,"column":0},"end":{"line":19,"column":57}},"19":{"start":{"line":20,"column":0},"end":{"line":20,"column":56}},"20":{"start":{"line":21,"column":0},"end":{"line":21,"column":44}},"21":{"start":{"line":22,"column":0},"end":{"line":22,"column":56}},"22":{"start":{"line":23,"column":0},"end":{"line":23,"column":62}},"23":{"start":{"line":24,"column":0},"end":{"line":24,"column":12}},"24":{"start":{"line":25,"column":0},"end":{"line":25,"column":15}},"25":{"start":{"line":26,"column":0},"end":{"line":26,"column":49}},"26":{"start":{"line":27,"column":0},"end":{"line":27,"column":38}},"27":{"start":{"line":28,"column":0},"end":{"line":28,"column":14}},"28":{"start":{"line":29,"column":0},"end":{"line":29,"column":15}},"29":{"start":{"line":30,"column":0},"end":{"line":30,"column":19}},"31":{"start":{"line":32,"column":0},"end":{"line":32,"column":2}},"33":{"start":{"line":34,"column":0},"end":{"line":34,"column":27}}},"s":{"0":1,"1":1,"2":1,"11":1,"12":41,"13":41,"14":41,"15":41,"16":41,"17":41,"18":41,"19":41,"20":41,"21":41,"22":41,"23":41,"24":41,"25":13,"26":13,"27":13,"28":28,"29":41,"31":41,"33":1},"branchMap":{"0":{"type":"branch","line":12,"loc":{"start":{"line":12,"column":52},"end":{"line":32,"column":2}},"locations":[{"start":{"line":12,"column":52},"end":{"line":32,"column":2}}]},"1":{"type":"branch","line":25,"loc":{"start":{"line":25,"column":7},"end":{"line":28,"column":14}},"locations":[{"start":{"line":25,"column":7},"end":{"line":28,"column":14}}]},"2":{"type":"branch","line":28,"loc":{"start":{"line":28,"column":8},"end":{"line":29,"column":15}},"locations":[{"start":{"line":28,"column":8},"end":{"line":29,"column":15}}]}},"b":{"0":[41],"1":[13],"2":[28]},"fnMap":{"0":{"name":"InfoSection","decl":{"start":{"line":12,"column":52},"end":{"line":32,"column":2}},"loc":{"start":{"line":12,"column":52},"end":{"line":32,"column":2}},"line":12}},"f":{"0":41}}
,"/Users/oliverlister/Documents/Code/swipejobs-frontend-developer-technical-test/src/components/jobMatchCard/JobMatchCard.tsx": {"path":"/Users/oliverlister/Documents/Code/swipejobs-frontend-developer-technical-test/src/components/jobMatchCard/JobMatchCard.tsx","all":false,"statementMap":{"0":{"start":{"line":1,"column":0},"end":{"line":1,"column":58}},"1":{"start":{"line":2,"column":0},"end":{"line":2,"column":27}},"2":{"start":{"line":3,"column":0},"end":{"line":3,"column":47}},"3":{"start":{"line":4,"column":0},"end":{"line":4,"column":44}},"4":{"start":{"line":5,"column":0},"end":{"line":5,"column":41}},"5":{"start":{"line":6,"column":0},"end":{"line":6,"column":56}},"6":{"start":{"line":7,"column":0},"end":{"line":7,"column":41}},"7":{"start":{"line":8,"column":0},"end":{"line":8,"column":41}},"8":{"start":{"line":9,"column":0},"end":{"line":9,"column":40}},"9":{"start":{"line":10,"column":0},"end":{"line":10,"column":40}},"10":{"start":{"line":11,"column":0},"end":{"line":11,"column":58}},"11":{"start":{"line":12,"column":0},"end":{"line":12,"column":71}},"12":{"start":{"line":13,"column":0},"end":{"line":13,"column":60}},"13":{"start":{"line":14,"column":0},"end":{"line":14,"column":31}},"14":{"start":{"line":15,"column":0},"end":{"line":15,"column":44}},"15":{"start":{"line":16,"column":0},"end":{"line":16,"column":31}},"23":{"start":{"line":24,"column":0},"end":{"line":24,"column":52}},"24":{"start":{"line":25,"column":0},"end":{"line":25,"column":8}},"25":{"start":{"line":26,"column":0},"end":{"line":26,"column":11}},"26":{"start":{"line":27,"column":0},"end":{"line":27,"column":11}},"27":{"start":{"line":28,"column":0},"end":{"line":28,"column":7}},"28":{"start":{"line":29,"column":0},"end":{"line":29,"column":59}},"30":{"start":{"line":31,"column":0},"end":{"line":31,"column":56}},"31":{"start":{"line":32,"column":0},"end":{"line":32,"column":47}},"33":{"start":{"line":34,"column":0},"end":{"line":34,"column":53}},"34":{"start":{"line":35,"column":0},"end":{"line":35,"column":32}},"35":{"start":{"line":36,"column":0},"end":{"line":36,"column":50}},"36":{"start":{"line":37,"column":0},"end":{"line":37,"column":10}},"37":{"start":{"line":38,"column":0},"end":{"line":38,"column":5}},"39":{"start":{"line":40,"column":0},"end":{"line":40,"column":70}},"40":{"start":{"line":41,"column":0},"end":{"line":41,"column":23}},"42":{"start":{"line":43,"column":0},"end":{"line":43,"column":10}},"43":{"start":{"line":44,"column":0},"end":{"line":44,"column":57}},"44":{"start":{"line":45,"column":0},"end":{"line":45,"column":76}},"45":{"start":{"line":46,"column":0},"end":{"line":46,"column":17}},"46":{"start":{"line":47,"column":0},"end":{"line":47,"column":20}},"47":{"start":{"line":48,"column":0},"end":{"line":48,"column":44}},"48":{"start":{"line":49,"column":0},"end":{"line":49,"column":42}},"49":{"start":{"line":50,"column":0},"end":{"line":50,"column":10}},"50":{"start":{"line":51,"column":0},"end":{"line":51,"column":44}},"51":{"start":{"line":52,"column":0},"end":{"line":52,"column":80}},"52":{"start":{"line":53,"column":0},"end":{"line":53,"column":21}},"53":{"start":{"line":54,"column":0},"end":{"line":54,"column":20}},"54":{"start":{"line":55,"column":0},"end":{"line":55,"column":80}},"55":{"start":{"line":56,"column":0},"end":{"line":56,"column":42}},"56":{"start":{"line":57,"column":0},"end":{"line":57,"column":39}},"57":{"start":{"line":58,"column":0},"end":{"line":58,"column":71}},"58":{"start":{"line":59,"column":0},"end":{"line":59,"column":18}},"59":{"start":{"line":60,"column":0},"end":{"line":60,"column":15}},"60":{"start":{"line":61,"column":0},"end":{"line":61,"column":24}},"61":{"start":{"line":62,"column":0},"end":{"line":62,"column":22}},"62":{"start":{"line":63,"column":0},"end":{"line":63,"column":30}},"63":{"start":{"line":64,"column":0},"end":{"line":64,"column":43}},"64":{"start":{"line":65,"column":0},"end":{"line":65,"column":57}},"66":{"start":{"line":67,"column":0},"end":{"line":67,"column":59}},"67":{"start":{"line":68,"column":0},"end":{"line":68,"column":75}},"68":{"start":{"line":69,"column":0},"end":{"line":69,"column":15}},"69":{"start":{"line":70,"column":0},"end":{"line":70,"column":56}},"70":{"start":{"line":71,"column":0},"end":{"line":71,"column":24}},"71":{"start":{"line":72,"column":0},"end":{"line":72,"column":33}},"72":{"start":{"line":73,"column":0},"end":{"line":73,"column":77}},"73":{"start":{"line":74,"column":0},"end":{"line":74,"column":51}},"74":{"start":{"line":75,"column":0},"end":{"line":75,"column":58}},"75":{"start":{"line":76,"column":0},"end":{"line":76,"column":58}},"76":{"start":{"line":77,"column":0},"end":{"line":77,"column":19}},"77":{"start":{"line":78,"column":0},"end":{"line":78,"column":19}},"78":{"start":{"line":79,"column":0},"end":{"line":79,"column":26}},"79":{"start":{"line":80,"column":0},"end":{"line":80,"column":19}},"80":{"start":{"line":81,"column":0},"end":{"line":81,"column":22}},"81":{"start":{"line":82,"column":0},"end":{"line":82,"column":31}},"82":{"start":{"line":83,"column":0},"end":{"line":83,"column":54}},"84":{"start":{"line":85,"column":0},"end":{"line":85,"column":29}},"85":{"start":{"line":86,"column":0},"end":{"line":86,"column":24}},"86":{"start":{"line":87,"column":0},"end":{"line":87,"column":21}},"87":{"start":{"line":88,"column":0},"end":{"line":88,"column":18}},"88":{"start":{"line":89,"column":0},"end":{"line":89,"column":45}},"89":{"start":{"line":90,"column":0},"end":{"line":90,"column":48}},"90":{"start":{"line":91,"column":0},"end":{"line":91,"column":17}},"91":{"start":{"line":92,"column":0},"end":{"line":92,"column":29}},"92":{"start":{"line":93,"column":0},"end":{"line":93,"column":50}},"93":{"start":{"line":94,"column":0},"end":{"line":94,"column":30}},"95":{"start":{"line":96,"column":0},"end":{"line":96,"column":76}},"96":{"start":{"line":97,"column":0},"end":{"line":97,"column":71}},"97":{"start":{"line":98,"column":0},"end":{"line":98,"column":19}},"98":{"start":{"line":99,"column":0},"end":{"line":99,"column":17}},"99":{"start":{"line":100,"column":0},"end":{"line":100,"column":28}},"100":{"start":{"line":101,"column":0},"end":{"line":101,"column":50}},"101":{"start":{"line":102,"column":0},"end":{"line":102,"column":42}},"103":{"start":{"line":104,"column":0},"end":{"line":104,"column":76}},"104":{"start":{"line":105,"column":0},"end":{"line":105,"column":74}},"105":{"start":{"line":106,"column":0},"end":{"line":106,"column":19}},"106":{"start":{"line":107,"column":0},"end":{"line":107,"column":14}},"107":{"start":{"line":108,"column":0},"end":{"line":108,"column":77}},"108":{"start":{"line":109,"column":0},"end":{"line":109,"column":20}},"109":{"start":{"line":110,"column":0},"end":{"line":110,"column":11}},"111":{"start":{"line":112,"column":0},"end":{"line":112,"column":2}},"113":{"start":{"line":114,"column":0},"end":{"line":114,"column":28}}},"s":{"0":1,"1":1,"2":1,"3":1,"4":1,"5":1,"6":1,"7":1,"8":1,"9":1,"10":1,"11":1,"12":1,"13":1,"14":1,"15":1,"23":1,"24":13,"25":13,"26":13,"27":13,"28":13,"30":13,"31":26,"33":13,"34":13,"35":11,"36":2,"37":13,"39":13,"40":13,"42":13,"43":13,"44":13,"45":13,"46":13,"47":13,"48":13,"49":13,"50":13,"51":13,"52":13,"53":13,"54":13,"55":13,"56":31,"57":31,"58":31,"59":13,"60":13,"61":13,"62":13,"63":13,"64":13,"66":13,"67":13,"68":13,"69":13,"70":13,"71":13,"72":2,"73":2,"74":2,"75":4,"76":2,"77":2,"78":2,"79":11,"80":13,"81":13,"82":13,"84":13,"85":13,"86":13,"87":13,"88":13,"89":13,"90":13,"91":13,"92":13,"93":13,"95":13,"96":13,"97":13,"98":13,"99":13,"100":13,"101":13,"103":13,"104":13,"105":13,"106":13,"107":13,"108":13,"109":13,"111":13,"113":1},"branchMap":{"0":{"type":"branch","line":24,"loc":{"start":{"line":24,"column":50},"end":{"line":112,"column":2}},"locations":[{"start":{"line":24,"column":50},"end":{"line":112,"column":2}}]},"1":{"type":"branch","line":35,"loc":{"start":{"line":35,"column":27},"end":{"line":36,"column":50}},"locations":[{"start":{"line":35,"column":27},"end":{"line":36,"column":50}}]},"2":{"type":"branch","line":36,"loc":{"start":{"line":36,"column":49},"end":{"line":37,"column":10}},"locations":[{"start":{"line":36,"column":49},"end":{"line":37,"column":10}}]},"3":{"type":"branch","line":72,"loc":{"start":{"line":72,"column":17},"end":{"line":79,"column":26}},"locations":[{"start":{"line":72,"column":17},"end":{"line":79,"column":26}}]},"4":{"type":"branch","line":79,"loc":{"start":{"line":79,"column":12},"end":{"line":80,"column":19}},"locations":[{"start":{"line":79,"column":12},"end":{"line":80,"column":19}}]},"5":{"type":"branch","line":96,"loc":{"start":{"line":96,"column":13},"end":{"line":96,"column":46}},"locations":[{"start":{"line":96,"column":13},"end":{"line":96,"column":46}}]},"6":{"type":"branch","line":96,"loc":{"start":{"line":96,"column":41},"end":{"line":96,"column":76}},"locations":[{"start":{"line":96,"column":41},"end":{"line":96,"column":76}}]},"7":{"type":"branch","line":96,"loc":{"start":{"line":96,"column":46},"end":{"line":96,"column":71}},"locations":[{"start":{"line":96,"column":46},"end":{"line":96,"column":71}}]},"8":{"type":"branch","line":96,"loc":{"start":{"line":96,"column":66},"end":{"line":96,"column":76}},"locations":[{"start":{"line":96,"column":66},"end":{"line":96,"column":76}}]},"9":{"type":"branch","line":97,"loc":{"start":{"line":97,"column":13},"end":{"line":97,"column":35}},"locations":[{"start":{"line":97,"column":13},"end":{"line":97,"column":35}}]},"10":{"type":"branch","line":97,"loc":{"start":{"line":97,"column":23},"end":{"line":97,"column":71}},"locations":[{"start":{"line":97,"column":23},"end":{"line":97,"column":71}}]},"11":{"type":"branch","line":97,"loc":{"start":{"line":97,"column":35},"end":{"line":97,"column":59}},"locations":[{"start":{"line":97,"column":35},"end":{"line":97,"column":59}}]},"12":{"type":"branch","line":97,"loc":{"start":{"line":97,"column":46},"end":{"line":97,"column":71}},"locations":[{"start":{"line":97,"column":46},"end":{"line":97,"column":71}}]},"13":{"type":"branch","line":102,"loc":{"start":{"line":102,"column":22},"end":{"line":102,"column":42}},"locations":[{"start":{"line":102,"column":22},"end":{"line":102,"column":42}}]},"14":{"type":"branch","line":104,"loc":{"start":{"line":104,"column":13},"end":{"line":104,"column":46}},"locations":[{"start":{"line":104,"column":13},"end":{"line":104,"column":46}}]},"15":{"type":"branch","line":104,"loc":{"start":{"line":104,"column":41},"end":{"line":104,"column":76}},"locations":[{"start":{"line":104,"column":41},"end":{"line":104,"column":76}}]},"16":{"type":"branch","line":104,"loc":{"start":{"line":104,"column":46},"end":{"line":104,"column":71}},"locations":[{"start":{"line":104,"column":46},"end":{"line":104,"column":71}}]},"17":{"type":"branch","line":104,"loc":{"start":{"line":104,"column":66},"end":{"line":104,"column":76}},"locations":[{"start":{"line":104,"column":66},"end":{"line":104,"column":76}}]},"18":{"type":"branch","line":105,"loc":{"start":{"line":105,"column":13},"end":{"line":105,"column":35}},"locations":[{"start":{"line":105,"column":13},"end":{"line":105,"column":35}}]},"19":{"type":"branch","line":105,"loc":{"start":{"line":105,"column":23},"end":{"line":105,"column":74}},"locations":[{"start":{"line":105,"column":23},"end":{"line":105,"column":74}}]},"20":{"type":"branch","line":105,"loc":{"start":{"line":105,"column":35},"end":{"line":105,"column":59}},"locations":[{"start":{"line":105,"column":35},"end":{"line":105,"column":59}}]},"21":{"type":"branch","line":105,"loc":{"start":{"line":105,"column":46},"end":{"line":105,"column":74}},"locations":[{"start":{"line":105,"column":46},"end":{"line":105,"column":74}}]},"22":{"type":"branch","line":108,"loc":{"start":{"line":108,"column":9},"end":{"line":108,"column":72}},"locations":[{"start":{"line":108,"column":9},"end":{"line":108,"column":72}}]},"23":{"type":"branch","line":108,"loc":{"start":{"line":108,"column":65},"end":{"line":108,"column":77}},"locations":[{"start":{"line":108,"column":65},"end":{"line":108,"column":77}}]},"24":{"type":"branch","line":31,"loc":{"start":{"line":31,"column":30},"end":{"line":32,"column":47}},"locations":[{"start":{"line":31,"column":30},"end":{"line":32,"column":47}}]},"25":{"type":"branch","line":56,"loc":{"start":{"line":56,"column":30},"end":{"line":59,"column":18}},"locations":[{"start":{"line":56,"column":30},"end":{"line":59,"column":18}}]},"26":{"type":"branch","line":75,"loc":{"start":{"line":75,"column":40},"end":{"line":76,"column":58}},"locations":[{"start":{"line":75,"column":40},"end":{"line":76,"column":58}}]},"27":{"type":"branch","line":93,"loc":{"start":{"line":93,"column":21},"end":{"line":93,"column":50}},"locations":[{"start":{"line":93,"column":21},"end":{"line":93,"column":50}}]},"28":{"type":"branch","line":101,"loc":{"start":{"line":101,"column":21},"end":{"line":101,"column":50}},"locations":[{"start":{"line":101,"column":21},"end":{"line":101,"column":50}}]}},"b":{"0":[13],"1":[11],"2":[2],"3":[2],"4":[11],"5":[1],"6":[12],"7":[1],"8":[11],"9":[1],"10":[12],"11":[1],"12":[11],"13":[12],"14":[1],"15":[12],"16":[1],"17":[11],"18":[1],"19":[12],"20":[1],"21":[11],"22":[1],"23":[12],"24":[26],"25":[31],"26":[4],"27":[1],"28":[1]},"fnMap":{"0":{"name":"JobMatchCard","decl":{"start":{"line":24,"column":50},"end":{"line":112,"column":2}},"loc":{"start":{"line":24,"column":50},"end":{"line":112,"column":2}},"line":24},"1":{"name":"milesToDecimalPoint","decl":{"start":{"line":31,"column":30},"end":{"line":32,"column":47}},"loc":{"start":{"line":31,"column":30},"end":{"line":32,"column":47}},"line":31},"2":{"name":"onClick","decl":{"start":{"line":93,"column":21},"end":{"line":93,"column":50}},"loc":{"start":{"line":93,"column":21},"end":{"line":93,"column":50}},"line":93},"3":{"name":"onClick","decl":{"start":{"line":101,"column":21},"end":{"line":101,"column":50}},"loc":{"start":{"line":101,"column":21},"end":{"line":101,"column":50}},"line":101}},"f":{"0":13,"1":26,"2":1,"3":1}}
,"/Users/oliverlister/Documents/Code/swipejobs-frontend-developer-technical-test/src/hooks/useMatch.ts": {"path":"/Users/oliverlister/Documents/Code/swipejobs-frontend-developer-technical-test/src/hooks/useMatch.ts","all":false,"statementMap":{"0":{"start":{"line":1,"column":0},"end":{"line":1,"column":46}},"1":{"start":{"line":2,"column":0},"end":{"line":2,"column":48}},"3":{"start":{"line":4,"column":0},"end":{"line":4,"column":40}},"4":{"start":{"line":5,"column":0},"end":{"line":5,"column":57}},"5":{"start":{"line":6,"column":0},"end":{"line":6,"column":58}},"6":{"start":{"line":7,"column":0},"end":{"line":7,"column":59}},"7":{"start":{"line":8,"column":0},"end":{"line":8,"column":59}},"9":{"start":{"line":10,"column":0},"end":{"line":10,"column":32}},"10":{"start":{"line":11,"column":0},"end":{"line":11,"column":30}},"11":{"start":{"line":12,"column":0},"end":{"line":12,"column":23}},"12":{"start":{"line":13,"column":0},"end":{"line":13,"column":21}},"13":{"start":{"line":14,"column":0},"end":{"line":14,"column":11}},"14":{"start":{"line":15,"column":0},"end":{"line":15,"column":66}},"15":{"start":{"line":16,"column":0},"end":{"line":16,"column":52}},"16":{"start":{"line":17,"column":0},"end":{"line":17,"column":26}},"17":{"start":{"line":18,"column":0},"end":{"line":18,"column":27}},"18":{"start":{"line":19,"column":0},"end":{"line":19,"column":21}},"19":{"start":{"line":20,"column":0},"end":{"line":20,"column":67}},"20":{"start":{"line":21,"column":0},"end":{"line":21,"column":17}},"21":{"start":{"line":22,"column":0},"end":{"line":22,"column":26}},"22":{"start":{"line":23,"column":0},"end":{"line":23,"column":7}},"23":{"start":{"line":24,"column":0},"end":{"line":24,"column":6}},"24":{"start":{"line":25,"column":0},"end":{"line":25,"column":14}},"25":{"start":{"line":26,"column":0},"end":{"line":26,"column":4}},"27":{"start":{"line":28,"column":0},"end":{"line":28,"column":32}},"28":{"start":{"line":29,"column":0},"end":{"line":29,"column":30}},"29":{"start":{"line":30,"column":0},"end":{"line":30,"column":23}},"30":{"start":{"line":31,"column":0},"end":{"line":31,"column":21}},"31":{"start":{"line":32,"column":0},"end":{"line":32,"column":11}},"32":{"start":{"line":33,"column":0},"end":{"line":33,"column":66}},"33":{"start":{"line":34,"column":0},"end":{"line":34,"column":52}},"34":{"start":{"line":35,"column":0},"end":{"line":35,"column":26}},"35":{"start":{"line":36,"column":0},"end":{"line":36,"column":27}},"36":{"start":{"line":37,"column":0},"end":{"line":37,"column":21}},"37":{"start":{"line":38,"column":0},"end":{"line":38,"column":67}},"38":{"start":{"line":39,"column":0},"end":{"line":39,"column":17}},"39":{"start":{"line":40,"column":0},"end":{"line":40,"column":26}},"40":{"start":{"line":41,"column":0},"end":{"line":41,"column":7}},"41":{"start":{"line":42,"column":0},"end":{"line":42,"column":6}},"42":{"start":{"line":43,"column":0},"end":{"line":43,"column":14}},"43":{"start":{"line":44,"column":0},"end":{"line":44,"column":4}},"45":{"start":{"line":46,"column":0},"end":{"line":46,"column":10}},"46":{"start":{"line":47,"column":0},"end":{"line":47,"column":12}},"47":{"start":{"line":48,"column":0},"end":{"line":48,"column":14}},"48":{"start":{"line":49,"column":0},"end":{"line":49,"column":14}},"49":{"start":{"line":50,"column":0},"end":{"line":50,"column":13}},"50":{"start":{"line":51,"column":0},"end":{"line":51,"column":13}},"51":{"start":{"line":52,"column":0},"end":{"line":52,"column":10}},"52":{"start":{"line":53,"column":0},"end":{"line":53,"column":4}},"53":{"start":{"line":54,"column":0},"end":{"line":54,"column":2}},"55":{"start":{"line":56,"column":0},"end":{"line":56,"column":24}}},"s":{"0":1,"1":1,"3":1,"4":2,"5":2,"6":2,"7":2,"9":2,"10":2,"11":0,"12":0,"13":0,"14":0,"15":0,"16":0,"17":0,"18":0,"19":0,"20":0,"21":0,"22":0,"23":0,"24":2,"25":2,"27":2,"28":2,"29":0,"30":0,"31":0,"32":0,"33":0,"34":0,"35":0,"36":0,"37":0,"38":0,"39":0,"40":0,"41":0,"42":2,"43":2,"45":2,"46":2,"47":2,"48":2,"49":2,"50":2,"51":2,"52":2,"53":2,"55":1},"branchMap":{"0":{"type":"branch","line":4,"loc":{"start":{"line":4,"column":17},"end":{"line":54,"column":2}},"locations":[{"start":{"line":4,"column":17},"end":{"line":54,"column":2}}]}},"b":{"0":[2]},"fnMap":{"0":{"name":"useMatch","decl":{"start":{"line":4,"column":17},"end":{"line":54,"column":2}},"loc":{"start":{"line":4,"column":17},"end":{"line":54,"column":2}},"line":4}},"f":{"0":2}}
,"/Users/oliverlister/Documents/Code/swipejobs-frontend-developer-technical-test/src/hooks/useWorker.ts": {"path":"/Users/oliverlister/Documents/Code/swipejobs-frontend-developer-technical-test/src/hooks/useWorker.ts","all":false,"statementMap":{"0":{"start":{"line":1,"column":0},"end":{"line":1,"column":44}},"1":{"start":{"line":2,"column":0},"end":{"line":2,"column":48}},"4":{"start":{"line":5,"column":0},"end":{"line":5,"column":41}},"5":{"start":{"line":6,"column":0},"end":{"line":6,"column":69}},"6":{"start":{"line":7,"column":0},"end":{"line":7,"column":60}},"7":{"start":{"line":8,"column":0},"end":{"line":8,"column":56}},"8":{"start":{"line":9,"column":0},"end":{"line":9,"column":58}},"10":{"start":{"line":11,"column":0},"end":{"line":11,"column":19}},"11":{"start":{"line":12,"column":0},"end":{"line":12,"column":41}},"12":{"start":{"line":13,"column":0},"end":{"line":13,"column":23}},"13":{"start":{"line":14,"column":0},"end":{"line":14,"column":21}},"14":{"start":{"line":15,"column":0},"end":{"line":15,"column":11}},"15":{"start":{"line":16,"column":0},"end":{"line":16,"column":72}},"16":{"start":{"line":17,"column":0},"end":{"line":17,"column":72}},"18":{"start":{"line":19,"column":0},"end":{"line":19,"column":32}},"19":{"start":{"line":20,"column":0},"end":{"line":20,"column":32}},"20":{"start":{"line":21,"column":0},"end":{"line":21,"column":21}},"21":{"start":{"line":22,"column":0},"end":{"line":22,"column":67}},"22":{"start":{"line":23,"column":0},"end":{"line":23,"column":25}},"23":{"start":{"line":24,"column":0},"end":{"line":24,"column":23}},"24":{"start":{"line":25,"column":0},"end":{"line":25,"column":17}},"25":{"start":{"line":26,"column":0},"end":{"line":26,"column":26}},"26":{"start":{"line":27,"column":0},"end":{"line":27,"column":7}},"27":{"start":{"line":28,"column":0},"end":{"line":28,"column":6}},"29":{"start":{"line":30,"column":0},"end":{"line":30,"column":22}},"30":{"start":{"line":31,"column":0},"end":{"line":31,"column":17}},"32":{"start":{"line":33,"column":0},"end":{"line":33,"column":10}},"33":{"start":{"line":34,"column":0},"end":{"line":34,"column":12}},"34":{"start":{"line":35,"column":0},"end":{"line":35,"column":12}},"35":{"start":{"line":36,"column":0},"end":{"line":36,"column":12}},"36":{"start":{"line":37,"column":0},"end":{"line":37,"column":10}},"37":{"start":{"line":38,"column":0},"end":{"line":38,"column":4}},"38":{"start":{"line":39,"column":0},"end":{"line":39,"column":2}},"40":{"start":{"line":41,"column":0},"end":{"line":41,"column":25}}},"s":{"0":1,"1":1,"4":1,"5":11,"6":11,"7":11,"8":11,"10":11,"11":5,"12":5,"13":5,"14":5,"15":5,"16":4,"18":3,"19":3,"20":5,"21":2,"22":2,"23":2,"24":5,"25":5,"26":5,"27":5,"29":5,"30":11,"32":11,"33":11,"34":11,"35":11,"36":11,"37":11,"38":11,"40":1},"branchMap":{"0":{"type":"branch","line":5,"loc":{"start":{"line":5,"column":18},"end":{"line":39,"column":2}},"locations":[{"start":{"line":5,"column":18},"end":{"line":39,"column":2}}]},"1":{"type":"branch","line":11,"loc":{"start":{"line":11,"column":12},"end":{"line":31,"column":5}},"locations":[{"start":{"line":11,"column":12},"end":{"line":31,"column":5}}]},"2":{"type":"branch","line":12,"loc":{"start":{"line":12,"column":28},"end":{"line":28,"column":6}},"locations":[{"start":{"line":12,"column":28},"end":{"line":28,"column":6}}]},"3":{"type":"branch","line":16,"loc":{"start":{"line":16,"column":70},"end":{"line":17,"column":72}},"locations":[{"start":{"line":16,"column":70},"end":{"line":17,"column":72}}]},"4":{"type":"branch","line":17,"loc":{"start":{"line":17,"column":70},"end":{"line":21,"column":15}},"locations":[{"start":{"line":17,"column":70},"end":{"line":21,"column":15}}]},"5":{"type":"branch","line":21,"loc":{"start":{"line":21,"column":6},"end":{"line":25,"column":8}},"locations":[{"start":{"line":21,"column":6},"end":{"line":25,"column":8}}]},"6":{"type":"branch","line":22,"loc":{"start":{"line":22,"column":44},"end":{"line":22,"column":65}},"locations":[{"start":{"line":22,"column":44},"end":{"line":22,"column":65}}]}},"b":{"0":[11],"1":[5],"2":[5],"3":[4],"4":[3],"5":[2],"6":[0]},"fnMap":{"0":{"name":"useWorker","decl":{"start":{"line":5,"column":18},"end":{"line":39,"column":2}},"loc":{"start":{"line":5,"column":18},"end":{"line":39,"column":2}},"line":5},"1":{"name":"fetchWorkerData","decl":{"start":{"line":12,"column":28},"end":{"line":28,"column":6}},"loc":{"start":{"line":12,"column":28},"end":{"line":28,"column":6}},"line":12}},"f":{"0":11,"1":5}}
,"/Users/oliverlister/Documents/Code/swipejobs-frontend-developer-technical-test/src/layout/RootLayout.tsx": {"path":"/Users/oliverlister/Documents/Code/swipejobs-frontend-developer-technical-test/src/layout/RootLayout.tsx","all":true,"statementMap":{"0":{"start":{"line":1,"column":0},"end":{"line":1,"column":38}},"1":{"start":{"line":2,"column":0},"end":{"line":2,"column":49}},"2":{"start":{"line":3,"column":0},"end":{"line":3,"column":61}},"4":{"start":{"line":5,"column":0},"end":{"line":5,"column":26}},"5":{"start":{"line":6,"column":0},"end":{"line":6,"column":10}},"6":{"start":{"line":7,"column":0},"end":{"line":7,"column":6}},"7":{"start":{"line":8,"column":0},"end":{"line":8,"column":16}},"8":{"start":{"line":9,"column":0},"end":{"line":9,"column":36}},"9":{"start":{"line":10,"column":0},"end":{"line":10,"column":44}},"10":{"start":{"line":11,"column":0},"end":{"line":11,"column":20}},"11":{"start":{"line":12,"column":0},"end":{"line":12,"column":14}},"12":{"start":{"line":13,"column":0},"end":{"line":13,"column":13}},"13":{"start":{"line":14,"column":0},"end":{"line":14,"column":7}},"15":{"start":{"line":16,"column":0},"end":{"line":16,"column":2}},"17":{"start":{"line":18,"column":0},"end":{"line":18,"column":26}}},"s":{"0":0,"1":0,"2":0,"4":0,"5":0,"6":0,"7":0,"8":0,"9":0,"10":0,"11":0,"12":0,"13":0,"15":0,"17":0},"branchMap":{"0":{"type":"branch","line":1,"loc":{"start":{"line":1,"column":389},"end":{"line":18,"column":26}},"locations":[{"start":{"line":1,"column":389},"end":{"line":18,"column":26}}]}},"b":{"0":[0]},"fnMap":{"0":{"name":"(empty-report)","decl":{"start":{"line":1,"column":389},"end":{"line":18,"column":26}},"loc":{"start":{"line":1,"column":389},"end":{"line":18,"column":26}},"line":1}},"f":{"0":0}}
,"/Users/oliverlister/Documents/Code/swipejobs-frontend-developer-technical-test/src/lib/types/workerTypes.ts": {"path":"/Users/oliverlister/Documents/Code/swipejobs-frontend-developer-technical-test/src/lib/types/workerTypes.ts","all":true,"statementMap":{},"s":{},"branchMap":{"0":{"type":"branch","line":1,"loc":{"start":{"line":1,"column":1062},"end":{"line":62,"column":66}},"locations":[{"start":{"line":1,"column":1062},"end":{"line":62,"column":66}}]}},"b":{"0":[1]},"fnMap":{"0":{"name":"(empty-report)","decl":{"start":{"line":1,"column":1062},"end":{"line":62,"column":66}},"loc":{"start":{"line":1,"column":1062},"end":{"line":62,"column":66}},"line":1}},"f":{"0":1}}
,"/Users/oliverlister/Documents/Code/swipejobs-frontend-developer-technical-test/src/lib/utils/createFullName.ts": {"path":"/Users/oliverlister/Documents/Code/swipejobs-frontend-developer-technical-test/src/lib/utils/createFullName.ts","all":false,"statementMap":{"0":{"start":{"line":1,"column":0},"end":{"line":1,"column":31}},"1":{"start":{"line":2,"column":0},"end":{"line":2,"column":25}},"2":{"start":{"line":3,"column":0},"end":{"line":3,"column":23}},"3":{"start":{"line":4,"column":0},"end":{"line":4,"column":14}},"4":{"start":{"line":5,"column":0},"end":{"line":5,"column":36}},"5":{"start":{"line":6,"column":0},"end":{"line":6,"column":2}}},"s":{"0":1,"1":4,"2":4,"3":4,"4":4,"5":4},"branchMap":{"0":{"type":"branch","line":1,"loc":{"start":{"line":1,"column":30},"end":{"line":6,"column":2}},"locations":[{"start":{"line":1,"column":30},"end":{"line":6,"column":2}}]}},"b":{"0":[4]},"fnMap":{"0":{"name":"createFullName","decl":{"start":{"line":1,"column":30},"end":{"line":6,"column":2}},"loc":{"start":{"line":1,"column":30},"end":{"line":6,"column":2}},"line":1}},"f":{"0":4}}
,"/Users/oliverlister/Documents/Code/swipejobs-frontend-developer-technical-test/src/lib/utils/formatNumber.ts": {"path":"/Users/oliverlister/Documents/Code/swipejobs-frontend-developer-technical-test/src/lib/utils/formatNumber.ts","all":false,"statementMap":{"0":{"start":{"line":1,"column":0},"end":{"line":1,"column":56}},"1":{"start":{"line":2,"column":0},"end":{"line":2,"column":46}},"2":{"start":{"line":3,"column":0},"end":{"line":3,"column":45}},"3":{"start":{"line":4,"column":0},"end":{"line":4,"column":28}},"4":{"start":{"line":5,"column":0},"end":{"line":5,"column":16}},"5":{"start":{"line":6,"column":0},"end":{"line":6,"column":4}},"6":{"start":{"line":7,"column":0},"end":{"line":7,"column":25}},"7":{"start":{"line":8,"column":0},"end":{"line":8,"column":2}}},"s":{"0":1,"1":16,"2":16,"3":16,"4":16,"5":16,"6":16,"7":16},"branchMap":{"0":{"type":"branch","line":1,"loc":{"start":{"line":1,"column":28},"end":{"line":8,"column":2}},"locations":[{"start":{"line":1,"column":28},"end":{"line":8,"column":2}}]}},"b":{"0":[16]},"fnMap":{"0":{"name":"formatNumber","decl":{"start":{"line":1,"column":28},"end":{"line":8,"column":2}},"loc":{"start":{"line":1,"column":28},"end":{"line":8,"column":2}},"line":1}},"f":{"0":16}}
,"/Users/oliverlister/Documents/Code/swipejobs-frontend-developer-technical-test/src/lib/utils/formatShift.ts": {"path":"/Users/oliverlister/Documents/Code/swipejobs-frontend-developer-technical-test/src/lib/utils/formatShift.ts","all":false,"statementMap":{"0":{"start":{"line":1,"column":0},"end":{"line":1,"column":50}},"2":{"start":{"line":3,"column":0},"end":{"line":3,"column":28}},"3":{"start":{"line":4,"column":0},"end":{"line":4,"column":20}},"4":{"start":{"line":5,"column":0},"end":{"line":5,"column":18}},"5":{"start":{"line":6,"column":0},"end":{"line":6,"column":38}},"6":{"start":{"line":7,"column":0},"end":{"line":7,"column":6}},"7":{"start":{"line":8,"column":0},"end":{"line":8,"column":58}},"8":{"start":{"line":9,"column":0},"end":{"line":9,"column":54}},"10":{"start":{"line":11,"column":0},"end":{"line":11,"column":66}},"11":{"start":{"line":12,"column":0},"end":{"line":12,"column":53}},"12":{"start":{"line":13,"column":0},"end":{"line":13,"column":49}},"14":{"start":{"line":15,"column":0},"end":{"line":15,"column":54}},"15":{"start":{"line":16,"column":0},"end":{"line":16,"column":23}},"16":{"start":{"line":17,"column":0},"end":{"line":17,"column":26}},"17":{"start":{"line":18,"column":0},"end":{"line":18,"column":5}},"19":{"start":{"line":20,"column":0},"end":{"line":20,"column":56}},"20":{"start":{"line":21,"column":0},"end":{"line":21,"column":42}},"21":{"start":{"line":22,"column":0},"end":{"line":22,"column":42}},"22":{"start":{"line":23,"column":0},"end":{"line":23,"column":11}},"24":{"start":{"line":25,"column":0},"end":{"line":25,"column":69}},"25":{"start":{"line":26,"column":0},"end":{"line":26,"column":2}}},"s":{"0":1,"2":1,"3":36,"4":36,"5":36,"6":36,"7":36,"8":36,"10":36,"11":36,"12":36,"14":36,"15":36,"16":36,"17":36,"19":36,"20":36,"21":36,"22":36,"24":36,"25":36},"branchMap":{"0":{"type":"branch","line":3,"loc":{"start":{"line":3,"column":27},"end":{"line":26,"column":2}},"locations":[{"start":{"line":3,"column":27},"end":{"line":26,"column":2}}]},"1":{"type":"branch","line":23,"loc":{"start":{"line":23,"column":2},"end":{"line":23,"column":11}},"locations":[{"start":{"line":23,"column":2},"end":{"line":23,"column":11}}]},"2":{"type":"branch","line":22,"loc":{"start":{"line":22,"column":4},"end":{"line":22,"column":42}},"locations":[{"start":{"line":22,"column":4},"end":{"line":22,"column":42}}]}},"b":{"0":[36],"1":[34],"2":[238]},"fnMap":{"0":{"name":"formatShift","decl":{"start":{"line":3,"column":27},"end":{"line":26,"column":2}},"loc":{"start":{"line":3,"column":27},"end":{"line":26,"column":2}},"line":3}},"f":{"0":36}}
,"/Users/oliverlister/Documents/Code/swipejobs-frontend-developer-technical-test/src/pages/Home.tsx": {"path":"/Users/oliverlister/Documents/Code/swipejobs-frontend-developer-technical-test/src/pages/Home.tsx","all":true,"statementMap":{"0":{"start":{"line":1,"column":0},"end":{"line":1,"column":39}},"1":{"start":{"line":2,"column":0},"end":{"line":2,"column":55}},"3":{"start":{"line":4,"column":0},"end":{"line":4,"column":20}},"4":{"start":{"line":5,"column":0},"end":{"line":5,"column":10}},"5":{"start":{"line":6,"column":0},"end":{"line":6,"column":6}},"6":{"start":{"line":7,"column":0},"end":{"line":7,"column":9}},"7":{"start":{"line":8,"column":0},"end":{"line":8,"column":41}},"8":{"start":{"line":9,"column":0},"end":{"line":9,"column":10}},"9":{"start":{"line":10,"column":0},"end":{"line":10,"column":53}},"11":{"start":{"line":12,"column":0},"end":{"line":12,"column":16}},"12":{"start":{"line":13,"column":0},"end":{"line":13,"column":7}},"14":{"start":{"line":15,"column":0},"end":{"line":15,"column":2}},"16":{"start":{"line":17,"column":0},"end":{"line":17,"column":20}}},"s":{"0":0,"1":0,"3":0,"4":0,"5":0,"6":0,"7":0,"8":0,"9":0,"11":0,"12":0,"14":0,"16":0},"branchMap":{"0":{"type":"branch","line":1,"loc":{"start":{"line":1,"column":351},"end":{"line":17,"column":20}},"locations":[{"start":{"line":1,"column":351},"end":{"line":17,"column":20}}]}},"b":{"0":[0]},"fnMap":{"0":{"name":"(empty-report)","decl":{"start":{"line":1,"column":351},"end":{"line":17,"column":20}},"loc":{"start":{"line":1,"column":351},"end":{"line":17,"column":20}},"line":1}},"f":{"0":0}}
,"/Users/oliverlister/Documents/Code/swipejobs-frontend-developer-technical-test/src/pages/Matches.tsx": {"path":"/Users/oliverlister/Documents/Code/swipejobs-frontend-developer-technical-test/src/pages/Matches.tsx","all":true,"statementMap":{"0":{"start":{"line":1,"column":0},"end":{"line":1,"column":50}},"2":{"start":{"line":3,"column":0},"end":{"line":3,"column":23}},"3":{"start":{"line":4,"column":0},"end":{"line":4,"column":24}},"4":{"start":{"line":5,"column":0},"end":{"line":5,"column":2}},"6":{"start":{"line":7,"column":0},"end":{"line":7,"column":23}}},"s":{"0":0,"2":0,"3":0,"4":0,"6":0},"branchMap":{"0":{"type":"branch","line":1,"loc":{"start":{"line":1,"column":128},"end":{"line":7,"column":23}},"locations":[{"start":{"line":1,"column":128},"end":{"line":7,"column":23}}]}},"b":{"0":[0]},"fnMap":{"0":{"name":"(empty-report)","decl":{"start":{"line":1,"column":128},"end":{"line":7,"column":23}},"loc":{"start":{"line":1,"column":128},"end":{"line":7,"column":23}},"line":1}},"f":{"0":0}}
,"/Users/oliverlister/Documents/Code/swipejobs-frontend-developer-technical-test/src/services/apiService.ts": {"path":"/Users/oliverlister/Documents/Code/swipejobs-frontend-developer-technical-test/src/services/apiService.ts","all":false,"statementMap":{"0":{"start":{"line":1,"column":0},"end":{"line":1,"column":26}},"3":{"start":{"line":4,"column":0},"end":{"line":4,"column":18}},"4":{"start":{"line":5,"column":0},"end":{"line":5,"column":9}},"6":{"start":{"line":7,"column":0},"end":{"line":7,"column":32}},"7":{"start":{"line":8,"column":0},"end":{"line":8,"column":32}},"8":{"start":{"line":9,"column":0},"end":{"line":9,"column":14}},"9":{"start":{"line":10,"column":0},"end":{"line":10,"column":7}},"10":{"start":{"line":11,"column":0},"end":{"line":11,"column":3}},"12":{"start":{"line":13,"column":0},"end":{"line":13,"column":68}},"13":{"start":{"line":14,"column":0},"end":{"line":14,"column":9}},"14":{"start":{"line":15,"column":0},"end":{"line":15,"column":76}},"15":{"start":{"line":16,"column":0},"end":{"line":16,"column":27}},"16":{"start":{"line":17,"column":0},"end":{"line":17,"column":21}},"17":{"start":{"line":18,"column":0},"end":{"line":18,"column":23}},"18":{"start":{"line":19,"column":0},"end":{"line":19,"column":14}},"19":{"start":{"line":20,"column":0},"end":{"line":20,"column":58}},"20":{"start":{"line":21,"column":0},"end":{"line":21,"column":8}},"21":{"start":{"line":22,"column":0},"end":{"line":22,"column":5}},"22":{"start":{"line":23,"column":0},"end":{"line":23,"column":3}},"24":{"start":{"line":25,"column":0},"end":{"line":25,"column":68}},"25":{"start":{"line":26,"column":0},"end":{"line":26,"column":9}},"26":{"start":{"line":27,"column":0},"end":{"line":27,"column":76}},"27":{"start":{"line":28,"column":0},"end":{"line":28,"column":27}},"28":{"start":{"line":29,"column":0},"end":{"line":29,"column":21}},"29":{"start":{"line":30,"column":0},"end":{"line":30,"column":23}},"30":{"start":{"line":31,"column":0},"end":{"line":31,"column":14}},"31":{"start":{"line":32,"column":0},"end":{"line":32,"column":58}},"32":{"start":{"line":33,"column":0},"end":{"line":33,"column":8}},"33":{"start":{"line":34,"column":0},"end":{"line":34,"column":5}},"34":{"start":{"line":35,"column":0},"end":{"line":35,"column":3}},"36":{"start":{"line":37,"column":0},"end":{"line":37,"column":36}},"37":{"start":{"line":38,"column":0},"end":{"line":38,"column":21}},"38":{"start":{"line":39,"column":0},"end":{"line":39,"column":17}},"39":{"start":{"line":40,"column":0},"end":{"line":40,"column":22}},"40":{"start":{"line":41,"column":0},"end":{"line":41,"column":58}},"41":{"start":{"line":42,"column":0},"end":{"line":42,"column":65}},"42":{"start":{"line":43,"column":0},"end":{"line":43,"column":34}},"44":{"start":{"line":45,"column":0},"end":{"line":45,"column":20}},"45":{"start":{"line":46,"column":0},"end":{"line":46,"column":73}},"46":{"start":{"line":47,"column":0},"end":{"line":47,"column":6}},"47":{"start":{"line":48,"column":0},"end":{"line":48,"column":3}},"49":{"start":{"line":50,"column":0},"end":{"line":50,"column":52}},"50":{"start":{"line":51,"column":0},"end":{"line":51,"column":9}},"51":{"start":{"line":52,"column":0},"end":{"line":52,"column":54}},"52":{"start":{"line":53,"column":0},"end":{"line":53,"column":45}},"53":{"start":{"line":54,"column":0},"end":{"line":54,"column":49}},"54":{"start":{"line":55,"column":0},"end":{"line":55,"column":8}},"55":{"start":{"line":56,"column":0},"end":{"line":56,"column":61}},"56":{"start":{"line":57,"column":0},"end":{"line":57,"column":27}},"57":{"start":{"line":58,"column":0},"end":{"line":58,"column":21}},"58":{"start":{"line":59,"column":0},"end":{"line":59,"column":63}},"59":{"start":{"line":60,"column":0},"end":{"line":60,"column":5}},"60":{"start":{"line":61,"column":0},"end":{"line":61,"column":3}},"62":{"start":{"line":63,"column":0},"end":{"line":63,"column":52}},"63":{"start":{"line":64,"column":0},"end":{"line":64,"column":9}},"64":{"start":{"line":65,"column":0},"end":{"line":65,"column":54}},"65":{"start":{"line":66,"column":0},"end":{"line":66,"column":45}},"66":{"start":{"line":67,"column":0},"end":{"line":67,"column":49}},"67":{"start":{"line":68,"column":0},"end":{"line":68,"column":8}},"69":{"start":{"line":70,"column":0},"end":{"line":70,"column":61}},"70":{"start":{"line":71,"column":0},"end":{"line":71,"column":27}},"71":{"start":{"line":72,"column":0},"end":{"line":72,"column":21}},"72":{"start":{"line":73,"column":0},"end":{"line":73,"column":54}},"73":{"start":{"line":74,"column":0},"end":{"line":74,"column":5}},"74":{"start":{"line":75,"column":0},"end":{"line":75,"column":3}},"76":{"start":{"line":77,"column":0},"end":{"line":77,"column":61}},"77":{"start":{"line":78,"column":0},"end":{"line":78,"column":54}},"78":{"start":{"line":79,"column":0},"end":{"line":79,"column":105}},"79":{"start":{"line":80,"column":0},"end":{"line":80,"column":34}},"80":{"start":{"line":81,"column":0},"end":{"line":81,"column":36}},"81":{"start":{"line":82,"column":0},"end":{"line":82,"column":12}},"82":{"start":{"line":83,"column":0},"end":{"line":83,"column":48}},"83":{"start":{"line":84,"column":0},"end":{"line":84,"column":62}},"84":{"start":{"line":85,"column":0},"end":{"line":85,"column":9}},"85":{"start":{"line":86,"column":0},"end":{"line":86,"column":34}},"86":{"start":{"line":87,"column":0},"end":{"line":87,"column":36}},"87":{"start":{"line":88,"column":0},"end":{"line":88,"column":5}},"88":{"start":{"line":89,"column":0},"end":{"line":89,"column":3}},"89":{"start":{"line":90,"column":0},"end":{"line":90,"column":1}},"91":{"start":{"line":92,"column":0},"end":{"line":92,"column":64}}},"s":{"0":1,"3":1,"4":5,"6":5,"7":5,"8":5,"9":5,"10":5,"12":5,"13":2,"14":2,"15":1,"16":1,"17":1,"18":1,"19":1,"20":1,"21":1,"22":2,"24":5,"25":11,"26":11,"27":9,"28":11,"29":2,"30":2,"31":2,"32":2,"33":2,"34":11,"36":5,"37":9,"38":9,"39":9,"40":9,"41":8,"42":9,"44":3,"45":3,"46":3,"47":9,"49":5,"50":3,"51":3,"52":2,"53":2,"54":2,"55":3,"56":1,"57":3,"58":2,"59":2,"60":3,"62":5,"63":3,"64":3,"65":2,"66":2,"67":2,"69":3,"70":1,"71":3,"72":2,"73":2,"74":3,"76":5,"77":7,"78":5,"79":5,"80":5,"81":7,"82":2,"83":2,"84":2,"85":2,"86":2,"87":2,"88":7,"89":5,"91":1},"branchMap":{"0":{"type":"branch","line":4,"loc":{"start":{"line":4,"column":17},"end":{"line":90,"column":1}},"locations":[{"start":{"line":4,"column":17},"end":{"line":90,"column":1}}]},"1":{"type":"branch","line":7,"loc":{"start":{"line":7,"column":2},"end":{"line":11,"column":3}},"locations":[{"start":{"line":7,"column":2},"end":{"line":11,"column":3}}]},"2":{"type":"branch","line":13,"loc":{"start":{"line":13,"column":2},"end":{"line":23,"column":3}},"locations":[{"start":{"line":13,"column":2},"end":{"line":23,"column":3}}]},"3":{"type":"branch","line":15,"loc":{"start":{"line":15,"column":74},"end":{"line":22,"column":5}},"locations":[{"start":{"line":15,"column":74},"end":{"line":22,"column":5}}]},"4":{"type":"branch","line":25,"loc":{"start":{"line":25,"column":2},"end":{"line":35,"column":3}},"locations":[{"start":{"line":25,"column":2},"end":{"line":35,"column":3}}]},"5":{"type":"branch","line":27,"loc":{"start":{"line":27,"column":74},"end":{"line":29,"column":13}},"locations":[{"start":{"line":27,"column":74},"end":{"line":29,"column":13}}]},"6":{"type":"branch","line":29,"loc":{"start":{"line":29,"column":4},"end":{"line":34,"column":5}},"locations":[{"start":{"line":29,"column":4},"end":{"line":34,"column":5}}]},"7":{"type":"branch","line":37,"loc":{"start":{"line":37,"column":2},"end":{"line":48,"column":3}},"locations":[{"start":{"line":37,"column":2},"end":{"line":48,"column":3}}]},"8":{"type":"branch","line":41,"loc":{"start":{"line":41,"column":56},"end":{"line":43,"column":22}},"locations":[{"start":{"line":41,"column":56},"end":{"line":43,"column":22}}]},"9":{"type":"branch","line":43,"loc":{"start":{"line":43,"column":15},"end":{"line":43,"column":34}},"locations":[{"start":{"line":43,"column":15},"end":{"line":43,"column":34}}]},"10":{"type":"branch","line":43,"loc":{"start":{"line":43,"column":28},"end":{"line":47,"column":6}},"locations":[{"start":{"line":43,"column":28},"end":{"line":47,"column":6}}]},"11":{"type":"branch","line":42,"loc":{"start":{"line":42,"column":31},"end":{"line":42,"column":63}},"locations":[{"start":{"line":42,"column":31},"end":{"line":42,"column":63}}]},"12":{"type":"branch","line":50,"loc":{"start":{"line":50,"column":2},"end":{"line":61,"column":3}},"locations":[{"start":{"line":50,"column":2},"end":{"line":61,"column":3}}]},"13":{"type":"branch","line":52,"loc":{"start":{"line":52,"column":52},"end":{"line":55,"column":8}},"locations":[{"start":{"line":52,"column":52},"end":{"line":55,"column":8}}]},"14":{"type":"branch","line":55,"loc":{"start":{"line":55,"column":6},"end":{"line":56,"column":39}},"locations":[{"start":{"line":55,"column":6},"end":{"line":56,"column":39}}]},"15":{"type":"branch","line":56,"loc":{"start":{"line":56,"column":33},"end":{"line":56,"column":61}},"locations":[{"start":{"line":56,"column":33},"end":{"line":56,"column":61}}]},"16":{"type":"branch","line":56,"loc":{"start":{"line":56,"column":53},"end":{"line":58,"column":13}},"locations":[{"start":{"line":56,"column":53},"end":{"line":58,"column":13}}]},"17":{"type":"branch","line":58,"loc":{"start":{"line":58,"column":4},"end":{"line":60,"column":5}},"locations":[{"start":{"line":58,"column":4},"end":{"line":60,"column":5}}]},"18":{"type":"branch","line":63,"loc":{"start":{"line":63,"column":2},"end":{"line":75,"column":3}},"locations":[{"start":{"line":63,"column":2},"end":{"line":75,"column":3}}]},"19":{"type":"branch","line":65,"loc":{"start":{"line":65,"column":52},"end":{"line":68,"column":8}},"locations":[{"start":{"line":65,"column":52},"end":{"line":68,"column":8}}]},"20":{"type":"branch","line":68,"loc":{"start":{"line":68,"column":6},"end":{"line":70,"column":39}},"locations":[{"start":{"line":68,"column":6},"end":{"line":70,"column":39}}]},"21":{"type":"branch","line":70,"loc":{"start":{"line":70,"column":33},"end":{"line":70,"column":61}},"locations":[{"start":{"line":70,"column":33},"end":{"line":70,"column":61}}]},"22":{"type":"branch","line":70,"loc":{"start":{"line":70,"column":53},"end":{"line":72,"column":13}},"locations":[{"start":{"line":70,"column":53},"end":{"line":72,"column":13}}]},"23":{"type":"branch","line":72,"loc":{"start":{"line":72,"column":4},"end":{"line":74,"column":5}},"locations":[{"start":{"line":72,"column":4},"end":{"line":74,"column":5}}]},"24":{"type":"branch","line":77,"loc":{"start":{"line":77,"column":2},"end":{"line":89,"column":3}},"locations":[{"start":{"line":77,"column":2},"end":{"line":89,"column":3}}]},"25":{"type":"branch","line":78,"loc":{"start":{"line":78,"column":32},"end":{"line":78,"column":53}},"locations":[{"start":{"line":78,"column":32},"end":{"line":78,"column":53}}]},"26":{"type":"branch","line":78,"loc":{"start":{"line":78,"column":53},"end":{"line":82,"column":11}},"locations":[{"start":{"line":78,"column":53},"end":{"line":82,"column":11}}]},"27":{"type":"branch","line":82,"loc":{"start":{"line":82,"column":4},"end":{"line":88,"column":5}},"locations":[{"start":{"line":82,"column":4},"end":{"line":88,"column":5}}]},"28":{"type":"branch","line":84,"loc":{"start":{"line":84,"column":39},"end":{"line":84,"column":62}},"locations":[{"start":{"line":84,"column":39},"end":{"line":84,"column":62}}]}},"b":{"0":[5],"1":[5],"2":[2],"3":[1],"4":[11],"5":[9],"6":[2],"7":[9],"8":[8],"9":[5],"10":[3],"11":[13],"12":[3],"13":[2],"14":[1],"15":[0],"16":[1],"17":[2],"18":[3],"19":[2],"20":[1],"21":[0],"22":[1],"23":[2],"24":[7],"25":[5],"26":[5],"27":[2],"28":[0]},"fnMap":{"0":{"name":"<instance_members_initializer>","decl":{"start":{"line":4,"column":17},"end":{"line":90,"column":1}},"loc":{"start":{"line":4,"column":17},"end":{"line":90,"column":1}},"line":4},"1":{"name":"ApiService","decl":{"start":{"line":7,"column":2},"end":{"line":11,"column":3}},"loc":{"start":{"line":7,"column":2},"end":{"line":11,"column":3}},"line":7},"2":{"name":"getWorkerProfile","decl":{"start":{"line":13,"column":2},"end":{"line":23,"column":3}},"loc":{"start":{"line":13,"column":2},"end":{"line":23,"column":3}},"line":13},"3":{"name":"getWorkerMatches","decl":{"start":{"line":25,"column":2},"end":{"line":35,"column":3}},"loc":{"start":{"line":25,"column":2},"end":{"line":35,"column":3}},"line":25},"4":{"name":"isJobMatchForWorker","decl":{"start":{"line":37,"column":2},"end":{"line":48,"column":3}},"loc":{"start":{"line":37,"column":2},"end":{"line":48,"column":3}},"line":37},"5":{"name":"acceptJob","decl":{"start":{"line":50,"column":2},"end":{"line":61,"column":3}},"loc":{"start":{"line":50,"column":2},"end":{"line":61,"column":3}},"line":50},"6":{"name":"rejectJob","decl":{"start":{"line":63,"column":2},"end":{"line":75,"column":3}},"loc":{"start":{"line":63,"column":2},"end":{"line":75,"column":3}},"line":63},"7":{"name":"handleError","decl":{"start":{"line":77,"column":2},"end":{"line":89,"column":3}},"loc":{"start":{"line":77,"column":2},"end":{"line":89,"column":3}},"line":77}},"f":{"0":5,"1":5,"2":2,"3":11,"4":9,"5":3,"6":3,"7":7}}
}
